#
# There is insufficient memory for the Java Runtime Environment to continue.
# Native memory allocation (malloc) failed to allocate 1048576 bytes for AllocateHeap
# Possible reasons:
#   The system is out of physical RAM or swap space
#   In 32 bit mode, the process size limit was hit
# Possible solutions:
#   Reduce memory load on the system
#   Increase physical memory or swap space
#   Check if swap backing store is full
#   Use 64 bit Java on a 64 bit OS
#   Decrease Java heap size (-Xmx/-Xms)
#   Decrease number of Java threads
#   Decrease Java thread stack sizes (-Xss)
#   Set larger code cache with -XX:ReservedCodeCacheSize=
# This output file may be truncated or incomplete.
#
#  Out of Memory Error (memory/allocation.inline.hpp:61), pid=7000, tid=0x0000000000001678
#
# JRE version:  (8.0_121-b13) (build )
# Java VM: Java HotSpot(TM) 64-Bit Server VM (25.121-b13 mixed mode windows-amd64 compressed oops)
# Failed to write core dump. Minidumps are not enabled by default on client versions of Windows
#

---------------  T H R E A D  ---------------

Current thread (0x000000000218e800):  JavaThread "Unknown thread" [_thread_in_vm, id=5752, stack(0x00000000023c0000,0x00000000024c0000)]

Stack: [0x00000000023c0000,0x00000000024c0000]
[error occurred during error reporting (printing stack bounds), id 0xc0000005]

Native frames: (J=compiled Java code, j=interpreted, Vv=VM code, C=native code)


---------------  P R O C E S S  ---------------

Java Threads: ( => current thread )

Other Threads:

=>0x000000000218e800 (exited) JavaThread "Unknown thread" [_thread_in_vm, id=5752, stack(0x00000000023c0000,0x00000000024c0000)]

VM state:not at safepoint (normal execution)

VM Mutex/Monitor currently owned by a thread: None

Heap:
 PSYoungGen      total 18944K, used 327K [0x00000000eb400000, 0x00000000ec900000, 0x0000000100000000)
  eden space 16384K, 2% used [0x00000000eb400000,0x00000000eb451ec8,0x00000000ec400000)
  from space 2560K, 0% used [0x00000000ec680000,0x00000000ec680000,0x00000000ec900000)
  to   space 2560K, 0% used [0x00000000ec400000,0x00000000ec400000,0x00000000ec680000)
 ParOldGen       total 44032K, used 0K [0x00000000c1c00000, 0x00000000c4700000, 0x00000000eb400000)
  object space 44032K, 0% used [0x00000000c1c00000,0x00000000c1c00000,0x00000000c4700000)
 Metaspace       used 791K, capacity 1156K, committed 1408K, reserved 1060864K
  class space    used 75K, capacity 384K, committed 384K, reserved 1048576K

Card table byte_map: [0x00000000119d0000,0x0000000011bd0000] byte_map_base: 0x00000000113c2000

Marking Bits: (ParMarkBitMap*) 0x000000006fe0b6d0
 Begin Bits: [0x0000000012570000, 0x0000000013500000)
 End Bits:   [0x0000000013500000, 0x0000000014490000)

Polling page: 0x0000000000440000

CodeCache: size=245760Kb used=328Kb max_used=328Kb free=245431Kb
 bounds [0x0000000002610000, 0x0000000002880000, 0x0000000011610000]
 total_blobs=58 nmethods=0 adapters=38
 compilation: enabled

Compilation events (0 events):
No events

GC Heap History (0 events):
No events

Deoptimization events (0 events):
No events

Internal exceptions (0 events):
No events

Events (10 events):
Event: 0.048 loading class java/lang/Short
Event: 0.048 loading class java/lang/Short done
Event: 0.048 loading class java/lang/Integer
Event: 0.048 loading class java/lang/Integer done
Event: 0.048 loading class java/lang/Long
Event: 0.048 loading class java/lang/Long done
Event: 0.049 loading class java/lang/NullPointerException
Event: 0.049 loading class java/lang/NullPointerException done
Event: 0.049 loading class java/lang/ArithmeticException
Event: 0.049 loading class java/lang/ArithmeticException done


Dynamic libraries:
0x000000013fe80000 - 0x000000013feb7000 	D:\Program Files\Java\jdk1.8.0_121\bin\java.exe
0x00000000777c0000 - 0x0000000077969000 	C:\windows\SYSTEM32\ntdll.dll
0x00000000776a0000 - 0x00000000777bf000 	C:\windows\system32\kernel32.dll
0x000007fefd610000 - 0x000007fefd67c000 	C:\windows\system32\KERNELBASE.dll
0x000007fefde70000 - 0x000007fefdf4b000 	C:\windows\system32\ADVAPI32.dll
0x000007feff7d0000 - 0x000007feff86f000 	C:\windows\system32\msvcrt.dll
0x000007fefda20000 - 0x000007fefda3f000 	C:\windows\SYSTEM32\sechost.dll
0x000007fefdf50000 - 0x000007fefe07d000 	C:\windows\system32\RPCRT4.dll
0x00000000775a0000 - 0x000000007769a000 	C:\windows\system32\USER32.dll
0x000007fefdb40000 - 0x000007fefdba7000 	C:\windows\system32\GDI32.dll
0x000007fefd940000 - 0x000007fefd94e000 	C:\windows\system32\LPK.dll
0x000007fefe8d0000 - 0x000007fefe999000 	C:\windows\system32\USP10.dll
0x000007fefbe00000 - 0x000007fefbff4000 	C:\windows\WinSxS\amd64_microsoft.windows.common-controls_6595b64144ccf1df_6.0.7601.18837_none_fa3b1e3d17594757\COMCTL32.dll
0x000007fefd950000 - 0x000007fefd9c1000 	C:\windows\system32\SHLWAPI.dll
0x000007fefd9d0000 - 0x000007fefd9fe000 	C:\windows\system32\IMM32.DLL
0x000007fefe5e0000 - 0x000007fefe6e9000 	C:\windows\system32\MSCTF.dll
0x000007fefd4b0000 - 0x000007fefd4e0000 	C:\windows\system32\nvinitx.dll
0x000007fefd4a0000 - 0x000007fefd4ac000 	C:\windows\system32\VERSION.dll
0x000000006aba0000 - 0x000000006ac72000 	D:\Program Files\Java\jdk1.8.0_121\jre\bin\msvcr100.dll
0x000000006f5f0000 - 0x000000006fe8b000 	D:\Program Files\Java\jdk1.8.0_121\jre\bin\server\jvm.dll
0x000007fef2020000 - 0x000007fef2029000 	C:\windows\system32\WSOCK32.dll
0x000007fefe6f0000 - 0x000007fefe73d000 	C:\windows\system32\WS2_32.dll
0x000007fefd930000 - 0x000007fefd938000 	C:\windows\system32\NSI.dll
0x000007fefaf70000 - 0x000007fefafab000 	C:\windows\system32\WINMM.dll
0x0000000077980000 - 0x0000000077987000 	C:\windows\system32\PSAPI.DLL
0x0000000074260000 - 0x000000007426f000 	D:\Program Files\Java\jdk1.8.0_121\jre\bin\verify.dll
0x0000000071750000 - 0x0000000071779000 	D:\Program Files\Java\jdk1.8.0_121\jre\bin\java.dll
0x0000000070c80000 - 0x0000000070cb5000 	D:\Program Files\Java\jdk1.8.0_121\jre\bin\jdwp.dll
0x0000000073f40000 - 0x0000000073f48000 	D:\Program Files\Java\jdk1.8.0_121\jre\bin\npt.dll
0x0000000071680000 - 0x00000000716a3000 	D:\Program Files\Java\jdk1.8.0_121\jre\bin\instrument.dll
0x0000000071730000 - 0x0000000071746000 	D:\Program Files\Java\jdk1.8.0_121\jre\bin\zip.dll

VM Arguments:
jvm_args: -agentlib:jdwp=transport=dt_socket,address=127.0.0.1:50877,suspend=y,server=n -javaagent:D:\idea2017\lib\rt\debugger-agent.jar=C:\Users\Administrator\AppData\Local\Temp\capture4363.props -Dfile.encoding=UTF-8 
java_command: day17.FileTest
java_class_path (initial): D:\Program Files\Java\jdk1.8.0_121\jre\lib\charsets.jar;D:\Program Files\Java\jdk1.8.0_121\jre\lib\deploy.jar;D:\Program Files\Java\jdk1.8.0_121\jre\lib\ext\access-bridge-64.jar;D:\Program Files\Java\jdk1.8.0_121\jre\lib\ext\cldrdata.jar;D:\Program Files\Java\jdk1.8.0_121\jre\lib\ext\dnsns.jar;D:\Program Files\Java\jdk1.8.0_121\jre\lib\ext\jaccess.jar;D:\Program Files\Java\jdk1.8.0_121\jre\lib\ext\jfxrt.jar;D:\Program Files\Java\jdk1.8.0_121\jre\lib\ext\localedata.jar;D:\Program Files\Java\jdk1.8.0_121\jre\lib\ext\nashorn.jar;D:\Program Files\Java\jdk1.8.0_121\jre\lib\ext\sunec.jar;D:\Program Files\Java\jdk1.8.0_121\jre\lib\ext\sunjce_provider.jar;D:\Program Files\Java\jdk1.8.0_121\jre\lib\ext\sunmscapi.jar;D:\Program Files\Java\jdk1.8.0_121\jre\lib\ext\sunpkcs11.jar;D:\Program Files\Java\jdk1.8.0_121\jre\lib\ext\zipfs.jar;D:\Program Files\Java\jdk1.8.0_121\jre\lib\javaws.jar;D:\Program Files\Java\jdk1.8.0_121\jre\lib\jce.jar;D:\Program Files\Java\jdk1.8.0_121\jre\lib\jfr.jar;D:\Program Files\Java\jdk1.8.0_121\jre\lib\jfxswt.jar;D:\Program Files\Java\jdk1.8.0_121\jre\lib\jsse.jar;D:\Program Files\Java\jdk1.8.0_121\jre\lib\management-agent.jar;D:\Program Files\Java\jdk1.8.0_121\jre\lib\plugin.jar;D:\Program Files\Java\jdk1.8.0_121\jre\lib\resources.jar;D:\Program Files\Java\jdk1.8.0_121\jre\lib\rt.jar;D:\java_demo\out\production\java_demo;D:\idea2017\lib\idea_rt.jar;D:\idea2017\lib\rt\debugger-agent.jar
Launcher Type: SUN_STANDARD

Environment Variables:
PATH=C:\ProgramData\Oracle\Java\javapath;C:\windows\system32;C:\windows;C:\windows\System32\Wbem;C:\windows\System32\WindowsPowerShell\v1.0\;C:\Program Files (x86)\Common Files\Acronis\VirtualFile\;C:\Program Files (x86)\Common Files\Acronis\VirtualFile64\;C:\Program Files (x86)\Common Files\Acronis\SnapAPI\;C:\Program Files\Intel\WiFi\bin\;C:\Program Files\Common Files\Intel\WirelessCommon\;D:\Program Files\Java\jdk1.8.0_121\bin;C:\Program Files\Intel\WiFi\bin\;C:\Program Files\Common Files\Intel\WirelessCommon\
USERNAME=Administrator
OS=Windows_NT
PROCESSOR_IDENTIFIER=Intel64 Family 6 Model 42 Stepping 7, GenuineIntel



---------------  S Y S T E M  ---------------

OS: Windows 7 , 64 bit Build 7601 (6.1.7601.18939)

CPU:total 4 (2 cores per cpu, 2 threads per core) family 6 model 42 stepping 7, cmov, cx8, fxsr, mmx, sse, sse2, sse3, ssse3, sse4.1, sse4.2, popcnt, avx, aes, clmul, ht, tsc, tscinvbit

Memory: 4k page, physical 4074736k(680736k free), swap 4072896k(4136k free)

vm_info: Java HotSpot(TM) 64-Bit Server VM (25.121-b13) for windows-amd64 JRE (1.8.0_121-b13), built on Dec 12 2016 18:21:36 by "java_re" with MS VC++ 10.0 (VS2010)

time: Mon May 28 12:42:43 2018
elapsed time: 0 seconds (0d 0h 0m 0s)

